2025-03-09 13:51:53: SQLSTATE[42S02]: Base table or view not found: 1146 Table 'proyectodam.especialidad_jugador' doesn't exist

        SELECT
            ud.id,
            ud.nombre,
            ud.apellidos,
            ud.email,
            ud.rol,
            ej.especialidad,
            j.juego
        FROM
            usuarios ud
        LEFT JOIN especialidad_jugador ej ON ud.id = ej.id_jugador
        LEFT JOIN juegos j ON ej.id_juego = j.id
        WHERE ud.id IN (1,2,7,8)
         ORDER BY ud.apellidos ASC, ud.nombre ASC LIMIT 15 OFFSET 0

2025-03-09 13:51:59: SQLSTATE[42S02]: Base table or view not found: 1146 Table 'proyectodam.especialidad_jugador' doesn't exist

        SELECT
            ud.id,
            ud.nombre,
            ud.apellidos,
            ud.email,
            ud.rol,
            ej.especialidad,
            j.juego
        FROM
            usuarios ud
        LEFT JOIN especialidad_jugador ej ON ud.id = ej.id_jugador
        LEFT JOIN juegos j ON ej.id_juego = j.id
        WHERE ud.id IN (1,2,7,8)
         ORDER BY ud.apellidos ASC, ud.nombre ASC LIMIT 15 OFFSET 0

2025-03-09 13:52:25: SQLSTATE[42S02]: Base table or view not found: 1146 Table 'proyectodam.especialidad_jugador' doesn't exist

        SELECT
            ud.id,
            ud.nombre,
            ud.apellidos,
            ud.email,
            ud.rol,
            ej.especialidad,
            j.juego
        FROM
            usuarios ud
        LEFT JOIN especialidad_jugador ej ON ud.id = ej.id_jugador
        LEFT JOIN juegos j ON ej.id_juego = j.id
        WHERE ud.id IN (1,2,7,8)
         ORDER BY ud.apellidos ASC, ud.nombre ASC LIMIT 15 OFFSET 0

2025-03-09 13:53:51: SQLSTATE[42000]: Syntax error or access violation: 1064 You have an error in your SQL syntax; check the manual that corresponds to your MariaDB server version for the right syntax to use near 'FROM
            usuarios ud
        LEFT JOIN especialidad_jugador ej ON u...' at line 8

        SELECT
            ud.id,
            ud.nombre,
            ud.apellidos,
            ud.email,
            ud.rol,
 
        FROM
            usuarios ud
        LEFT JOIN especialidad_jugador ej ON ud.id = ej.id_jugador
        LEFT JOIN juegos j ON ej.id_juego = j.id
        WHERE ud.id IN (1,2,7,8)
         ORDER BY ud.apellidos ASC, ud.nombre ASC LIMIT 15 OFFSET 0

2025-03-09 13:54:01: SQLSTATE[42000]: Syntax error or access violation: 1064 You have an error in your SQL syntax; check the manual that corresponds to your MariaDB server version for the right syntax to use near 'FROM
            usuarios ud
         JOIN especialidad_jugador ej ON ud.id...' at line 8

        SELECT
            ud.id,
            ud.nombre,
            ud.apellidos,
            ud.email,
            ud.rol,
 
        FROM
            usuarios ud
         JOIN especialidad_jugador ej ON ud.id = ej.id_jugador
         JOIN juegos j ON ej.id_juego = j.id
        WHERE ud.id IN (1,2,7,8)
         ORDER BY ud.apellidos ASC, ud.nombre ASC LIMIT 15 OFFSET 0

2025-03-09 13:54:02: SQLSTATE[42000]: Syntax error or access violation: 1064 You have an error in your SQL syntax; check the manual that corresponds to your MariaDB server version for the right syntax to use near 'FROM
            usuarios ud
         JOIN especialidad_jugador ej ON ud.id...' at line 8

        SELECT
            ud.id,
            ud.nombre,
            ud.apellidos,
            ud.email,
            ud.rol,
 
        FROM
            usuarios ud
         JOIN especialidad_jugador ej ON ud.id = ej.id_jugador
         JOIN juegos j ON ej.id_juego = j.id
        WHERE ud.id IN (1,2,7,8)
         ORDER BY ud.apellidos ASC, ud.nombre ASC LIMIT 15 OFFSET 0

2025-03-09 13:54:08: SQLSTATE[42S02]: Base table or view not found: 1146 Table 'proyectodam.especialidad_jugador' doesn't exist

        SELECT
            ud.id,
            ud.nombre,
            ud.apellidos,
            ud.email,
            ud.rol,
            ej.especialidad,
            j.juego
        FROM
            usuarios ud
        LEFT JOIN especialidad_jugador ej ON ud.id = ej.id_jugador
        LEFT JOIN juegos j ON ej.id_juego = j.id
        WHERE ud.id IN (1,2,7,8)
         ORDER BY ud.apellidos ASC, ud.nombre ASC LIMIT 15 OFFSET 0

2025-03-09 13:54:09: SQLSTATE[42S02]: Base table or view not found: 1146 Table 'proyectodam.especialidad_jugador' doesn't exist

        SELECT
            ud.id,
            ud.nombre,
            ud.apellidos,
            ud.email,
            ud.rol,
            ej.especialidad,
            j.juego
        FROM
            usuarios ud
        LEFT JOIN especialidad_jugador ej ON ud.id = ej.id_jugador
        LEFT JOIN juegos j ON ej.id_juego = j.id
        WHERE ud.id IN (1,2,7,8)
         ORDER BY ud.apellidos ASC, ud.nombre ASC LIMIT 15 OFFSET 0

2025-03-09 13:54:24: SQLSTATE[42S02]: Base table or view not found: 1146 Table 'proyectodam.especialidad_jugador' doesn't exist

        SELECT
            ud.id,
            ud.nombre,
            ud.apellidos,
            ud.email,
            ud.rol,
            ej.especialidad,
            j.juego
        FROM
            usuarios ud
        LEFT JOIN especialidad_jugador ej ON ud.id = ej.id_jugador
        LEFT JOIN juegos j ON ej.id_juego = j.id
        WHERE ud.id IN (1,2,7,8)
         ORDER BY ud.apellidos ASC, ud.nombre ASC LIMIT 15 OFFSET 0

2025-03-09 13:54:32: SQLSTATE[42S02]: Base table or view not found: 1146 Table 'proyectodam.especialidad_jugador' doesn't exist

        SELECT
            ud.id,
            ud.nombre,
            ud.apellidos,
            ud.email,
            ud.rol,
            ej.especialidad,
            j.juego
        FROM
            usuarios ud
        LEFT JOIN especialidad_jugador ej ON ud.id = ej.id_jugador
        LEFT JOIN juegos j ON ej.id_juego = j.id
        WHERE ud.id IN (1,2,7,8)
         ORDER BY ud.apellidos ASC, ud.nombre ASC LIMIT 15 OFFSET 0

2025-03-09 13:54:34: SQLSTATE[42S02]: Base table or view not found: 1146 Table 'proyectodam.especialidad_jugador' doesn't exist

        SELECT
            ud.id,
            ud.nombre,
            ud.apellidos,
            ud.email,
            ud.rol,
            ej.especialidad,
            j.juego
        FROM
            usuarios ud
        LEFT JOIN especialidad_jugador ej ON ud.id = ej.id_jugador
        LEFT JOIN juegos j ON ej.id_juego = j.id
        WHERE ud.id IN (1,2,7,8)
         ORDER BY ud.apellidos ASC, ud.nombre ASC LIMIT 15 OFFSET 0

2025-03-09 13:54:37: SQLSTATE[42S02]: Base table or view not found: 1146 Table 'proyectodam.especialidad_jugador' doesn't exist

        SELECT
            ud.id,
            ud.nombre,
            ud.apellidos,
            ud.email,
            ud.rol,
            ej.especialidad,
            j.juego
        FROM
            usuarios ud
        LEFT JOIN especialidad_jugador ej ON ud.id = ej.id_jugador
        LEFT JOIN juegos j ON ej.id_juego = j.id
        WHERE ud.id IN (1,2,7,8)
         ORDER BY ud.apellidos ASC, ud.nombre ASC LIMIT 15 OFFSET 0

2025-03-09 13:54:38: SQLSTATE[42S02]: Base table or view not found: 1146 Table 'proyectodam.especialidad_jugador' doesn't exist

        SELECT
            ud.id,
            ud.nombre,
            ud.apellidos,
            ud.email,
            ud.rol,
            ej.especialidad,
            j.juego
        FROM
            usuarios ud
        LEFT JOIN especialidad_jugador ej ON ud.id = ej.id_jugador
        LEFT JOIN juegos j ON ej.id_juego = j.id
        WHERE ud.id IN (1,2,7,8)
         ORDER BY ud.apellidos ASC, ud.nombre ASC LIMIT 15 OFFSET 0

2025-03-09 13:54:48: SQLSTATE[42S02]: Base table or view not found: 1146 Table 'proyectodam.especialidad_jugador' doesn't exist

        SELECT
            ud.id,
            ud.nombre,
            ud.apellidos,
            ud.email,
            ud.rol,
            ej.especialidad,
            j.juego
        FROM
            usuarios ud
        LEFT JOIN especialidad_jugador ej ON ud.id = ej.id_jugador
        LEFT JOIN juegos j ON ej.id_juego = j.id
        WHERE ud.id IN (1,2,7,8)
         ORDER BY ud.apellidos ASC, ud.nombre ASC LIMIT 15 OFFSET 0

2025-03-09 13:54:49: SQLSTATE[42S02]: Base table or view not found: 1146 Table 'proyectodam.especialidad_jugador' doesn't exist

        SELECT
            ud.id,
            ud.nombre,
            ud.apellidos,
            ud.email,
            ud.rol,
            ej.especialidad,
            j.juego
        FROM
            usuarios ud
        LEFT JOIN especialidad_jugador ej ON ud.id = ej.id_jugador
        LEFT JOIN juegos j ON ej.id_juego = j.id
        WHERE ud.id IN (1,2,7,8)
         ORDER BY ud.apellidos ASC, ud.nombre ASC LIMIT 15 OFFSET 0

2025-03-09 13:54:49: SQLSTATE[42S02]: Base table or view not found: 1146 Table 'proyectodam.especialidad_jugador' doesn't exist

        SELECT
            ud.id,
            ud.nombre,
            ud.apellidos,
            ud.email,
            ud.rol,
            ej.especialidad,
            j.juego
        FROM
            usuarios ud
        LEFT JOIN especialidad_jugador ej ON ud.id = ej.id_jugador
        LEFT JOIN juegos j ON ej.id_juego = j.id
        WHERE ud.id IN (1,2,7,8)
         ORDER BY ud.apellidos ASC, ud.nombre ASC LIMIT 15 OFFSET 0

2025-03-09 13:55:06: SQLSTATE[42S02]: Base table or view not found: 1146 Table 'proyectodam.especialidad_jugador' doesn't exist

        SELECT
            ud.id,
            ud.nombre,
            ud.apellidos,
            ud.email,
            ud.rol,
            ej.especialidad,
            j.juego
        FROM
            usuarios ud
        LEFT JOIN especialidad_jugador ej ON ud.id = ej.id_jugador
        LEFT JOIN juegos j ON ej.id_juego = j.id
        WHERE ud.id IN (1,2,7,8)
         ORDER BY ud.apellidos ASC, ud.nombre ASC LIMIT 15 OFFSET 0

2025-03-09 13:55:11: SQLSTATE[42S02]: Base table or view not found: 1146 Table 'proyectodam.especialidad_jugador' doesn't exist

        SELECT
            ud.id,
            ud.nombre,
            ud.apellidos,
            ud.email,
            ud.rol,
            ej.especialidad,
            j.juego
        FROM
            usuarios ud
        LEFT JOIN especialidad_jugador ej ON ud.id = ej.id_jugador
        LEFT JOIN juegos j ON ej.id_juego = j.id
        WHERE ud.id IN (1,2,7,8)
         ORDER BY ud.apellidos ASC, ud.nombre ASC LIMIT 15 OFFSET 0

2025-03-09 13:55:13: SQLSTATE[42S02]: Base table or view not found: 1146 Table 'proyectodam.especialidad_jugador' doesn't exist

        SELECT
            ud.id,
            ud.nombre,
            ud.apellidos,
            ud.email,
            ud.rol,
            ej.especialidad,
            j.juego
        FROM
            usuarios ud
        LEFT JOIN especialidad_jugador ej ON ud.id = ej.id_jugador
        LEFT JOIN juegos j ON ej.id_juego = j.id
        WHERE ud.id IN (1,2,7,8)
         ORDER BY ud.apellidos ASC, ud.nombre ASC LIMIT 15 OFFSET 0

2025-03-09 13:55:24: SQLSTATE[42S02]: Base table or view not found: 1146 Table 'proyectodam.especialidad_jugador' doesn't exist

        SELECT
            ud.id,
            ud.nombre,
            ud.apellidos,
            ud.email,
            ud.rol,
            ej.especialidad,
            j.juego
        FROM
            usuarios ud
        LEFT JOIN especialidad_jugador ej ON ud.id = ej.id_jugador
        LEFT JOIN juegos j ON ej.id_juego = j.id
        WHERE ud.id IN (1,2,7,8)
         ORDER BY ud.apellidos ASC, ud.nombre ASC LIMIT 15 OFFSET 0

2025-03-09 13:58:59: SQLSTATE[42000]: Syntax error or access violation: 1064 You have an error in your SQL syntax; check the manual that corresponds to your MariaDB server version for the right syntax to use near ':rol
    AND (ud.id IN (1,2,7,8) OR ej.id_jugador IS NULL)
     ORDER BY ud...' at line 13

    SELECT
        ud.id,
        ud.nombre,
        ud.apellidos,
        ud.email,
        ud.rol,
        ej.especialidad,
        j.juego
    FROM
        usuarios ud
    LEFT JOIN especialidad_jugador ej ON ud.id = ej.id_jugador
    LEFT JOIN juegos j ON ej.id_juego = j.id
    WHERE ud.rol = :rol
    AND (ud.id IN (1,2,7,8) OR ej.id_jugador IS NULL)
     ORDER BY ud.apellidos ASC, ud.nombre ASC LIMIT 15 OFFSET 0

2025-03-09 13:59:00: SQLSTATE[42000]: Syntax error or access violation: 1064 You have an error in your SQL syntax; check the manual that corresponds to your MariaDB server version for the right syntax to use near ':rol
    AND (ud.id IN (1,2,7,8) OR ej.id_jugador IS NULL)
     ORDER BY ud...' at line 13

    SELECT
        ud.id,
        ud.nombre,
        ud.apellidos,
        ud.email,
        ud.rol,
        ej.especialidad,
        j.juego
    FROM
        usuarios ud
    LEFT JOIN especialidad_jugador ej ON ud.id = ej.id_jugador
    LEFT JOIN juegos j ON ej.id_juego = j.id
    WHERE ud.rol = :rol
    AND (ud.id IN (1,2,7,8) OR ej.id_jugador IS NULL)
     ORDER BY ud.apellidos ASC, ud.nombre ASC LIMIT 15 OFFSET 0

2025-03-09 13:59:06: SQLSTATE[42000]: Syntax error or access violation: 1064 You have an error in your SQL syntax; check the manual that corresponds to your MariaDB server version for the right syntax to use near ':rol
    AND (ud.id IN (1,2,7,8) OR ej.id_jugador IS NULL)
     ORDER BY ud...' at line 13

    SELECT
        ud.id,
        ud.nombre,
        ud.apellidos,
        ud.email,
        ud.rol,
        ej.especialidad,
        j.juego
    FROM
        usuarios ud
    LEFT JOIN especialidad_jugador ej ON ud.id = ej.id_jugador
    LEFT JOIN juegos j ON ej.id_juego = j.id
    WHERE ud.rol = :rol
    AND (ud.id IN (1,2,7,8) OR ej.id_jugador IS NULL)
     ORDER BY ud.apellidos ASC, ud.nombre ASC LIMIT 15 OFFSET 0

2025-03-09 14:04:21: SQLSTATE[42000]: Syntax error or access violation: 1064 You have an error in your SQL syntax; check the manual that corresponds to your MariaDB server version for the right syntax to use near ':rol
    AND (ud.id IN (1,2,7,8) OR ej.id_jugador IS NULL)
     ORDER BY ud...' at line 13

    SELECT
        ud.id,
        ud.nombre,
        ud.apellidos,
        ud.email,
        ud.rol,
        ej.especialidad,
        j.juego
    FROM
        usuarios ud
    LEFT JOIN especialidad_jugador ej ON ud.id = ej.id_jugador
    LEFT JOIN juegos j ON ej.id_juego = j.id
    WHERE ud.rol = :rol
    AND (ud.id IN (1,2,7,8) OR ej.id_jugador IS NULL)
     ORDER BY ud.apellidos ASC, ud.nombre ASC LIMIT 15 OFFSET 0

2025-03-09 14:04:27: SQLSTATE[42000]: Syntax error or access violation: 1064 You have an error in your SQL syntax; check the manual that corresponds to your MariaDB server version for the right syntax to use near ':rol
    AND (ud.id IN (1,2,7,8) OR ej.id_jugador IS NULL)
     ORDER BY ud...' at line 13

    SELECT
        ud.id,
        ud.nombre,
        ud.apellidos,
        ud.email,
        ud.rol,
        ej.especialidad,
        j.juego
    FROM
        usuarios ud
    LEFT JOIN especialidad_jugador ej ON ud.id = ej.id_jugador
    LEFT JOIN juegos j ON ej.id_juego = j.id
    WHERE ud.rol = :rol
    AND (ud.id IN (1,2,7,8) OR ej.id_jugador IS NULL)
     ORDER BY ud.apellidos ASC, ud.nombre ASC LIMIT 15 OFFSET 0

2025-03-09 14:05:04: SQLSTATE[42000]: Syntax error or access violation: 1064 You have an error in your SQL syntax; check the manual that corresponds to your MariaDB server version for the right syntax to use near ':rol
    AND (ud.id IN (1,2,7,8) OR ej.id_jugador IS NULL)
     ORDER BY ud...' at line 13

    SELECT
        ud.id,
        ud.nombre,
        ud.apellidos,
        ud.email,
        ud.rol,
        ej.especialidad,
        j.juego
    FROM
        usuarios ud
    LEFT JOIN especialidades_jugador ej ON ud.id = ej.id_jugador
    LEFT JOIN juegos j ON ej.id_juego = j.id
    WHERE ud.rol = :rol
    AND (ud.id IN (1,2,7,8) OR ej.id_jugador IS NULL)
     ORDER BY ud.apellidos ASC, ud.nombre ASC LIMIT 15 OFFSET 0

2025-03-09 14:06:00: SQLSTATE[42000]: Syntax error or access violation: 1064 You have an error in your SQL syntax; check the manual that corresponds to your MariaDB server version for the right syntax to use near ':rol
    AND (ud.id IN (1,2,7,8) OR ej.id_jugador IS NULL)
     ORDER BY ud...' at line 13

    SELECT
        ud.id,
        ud.nombre,
        ud.apellidos,
        ud.email,
        ud.rol,
        ej.especialidad,
        j.juego
    FROM
        usuarios ud
    LEFT JOIN especialidades_jugador ej ON ud.id = ej.id_jugador
    LEFT JOIN juegos j ON ej.id_juego = j.id
    WHERE ud.rol = :rol
    AND (ud.id IN (1,2,7,8) OR ej.id_jugador IS NULL)
     ORDER BY ud.apellidos ASC, ud.nombre ASC LIMIT 15 OFFSET 0

2025-03-09 14:06:02: SQLSTATE[42000]: Syntax error or access violation: 1064 You have an error in your SQL syntax; check the manual that corresponds to your MariaDB server version for the right syntax to use near ':rol
    AND (ud.id IN (1,2,7,8) OR ej.id_jugador IS NULL)
     ORDER BY ud...' at line 13

    SELECT
        ud.id,
        ud.nombre,
        ud.apellidos,
        ud.email,
        ud.rol,
        ej.especialidad,
        j.juego
    FROM
        usuarios ud
    LEFT JOIN especialidades_jugador ej ON ud.id = ej.id_jugador
    LEFT JOIN juegos j ON ej.id_juego = j.id
    WHERE ud.rol = :rol
    AND (ud.id IN (1,2,7,8) OR ej.id_jugador IS NULL)
     ORDER BY ud.apellidos ASC, ud.nombre ASC LIMIT 15 OFFSET 0

2025-03-09 14:08:42: SQLSTATE[42000]: Syntax error or access violation: 1064 You have an error in your SQL syntax; check the manual that corresponds to your MariaDB server version for the right syntax to use near ':rol
    AND (ud.id IN (1,2,7,8) OR ej.id_jugador IS NULL)
     ORDER BY ud...' at line 13

    SELECT
        ud.id,
        ud.nombre,
        ud.apellidos,
        ud.email,
        ud.rol,
        ej.especialidad,
        j.juego
    FROM
        usuarios ud
    LEFT JOIN especialidades_jugador ej ON ud.id = ej.id_jugador
    LEFT JOIN juegos j ON ej.juego_id = j.id
    WHERE ud.rol = :rol
    AND (ud.id IN (1,2,7,8) OR ej.id_jugador IS NULL)
     ORDER BY ud.apellidos ASC, ud.nombre ASC LIMIT 15 OFFSET 0

2025-03-09 14:08:44: SQLSTATE[42000]: Syntax error or access violation: 1064 You have an error in your SQL syntax; check the manual that corresponds to your MariaDB server version for the right syntax to use near ':rol
    AND (ud.id IN (1,2,7,8) OR ej.id_jugador IS NULL)
     ORDER BY ud...' at line 13

    SELECT
        ud.id,
        ud.nombre,
        ud.apellidos,
        ud.email,
        ud.rol,
        ej.especialidad,
        j.juego
    FROM
        usuarios ud
    LEFT JOIN especialidades_jugador ej ON ud.id = ej.id_jugador
    LEFT JOIN juegos j ON ej.juego_id = j.id
    WHERE ud.rol = :rol
    AND (ud.id IN (1,2,7,8) OR ej.id_jugador IS NULL)
     ORDER BY ud.apellidos ASC, ud.nombre ASC LIMIT 15 OFFSET 0

2025-03-09 14:08:48: SQLSTATE[42000]: Syntax error or access violation: 1064 You have an error in your SQL syntax; check the manual that corresponds to your MariaDB server version for the right syntax to use near ':rol
    AND (ud.id IN (1,2,7,8) OR ej.id_jugador IS NULL)
     ORDER BY ud...' at line 13

    SELECT
        ud.id,
        ud.nombre,
        ud.apellidos,
        ud.email,
        ud.rol,
        ej.especialidad,
        j.juego
    FROM
        usuarios ud
    LEFT JOIN especialidades_jugador ej ON ud.id = ej.id_jugador
    LEFT JOIN juegos j ON ej.juego_id = j.id
    WHERE ud.rol = :rol
    AND (ud.id IN (1,2,7,8) OR ej.id_jugador IS NULL)
     ORDER BY ud.apellidos ASC, ud.nombre ASC LIMIT 15 OFFSET 0

2025-03-09 14:08:52: SQLSTATE[42000]: Syntax error or access violation: 1064 You have an error in your SQL syntax; check the manual that corresponds to your MariaDB server version for the right syntax to use near ':rol
    AND (ud.id IN (1,2,7,8) OR ej.id_jugador IS NULL)
     ORDER BY ud...' at line 13

    SELECT
        ud.id,
        ud.nombre,
        ud.apellidos,
        ud.email,
        ud.rol,
        ej.especialidad,
        j.juego
    FROM
        usuarios ud
    LEFT JOIN especialidades_jugador ej ON ud.id = ej.id_jugador
    LEFT JOIN juegos j ON ej.juego_id = j.id
    WHERE ud.rol = :rol
    AND (ud.id IN (1,2,7,8) OR ej.id_jugador IS NULL)
     ORDER BY ud.apellidos ASC, ud.nombre ASC LIMIT 15 OFFSET 0

2025-03-09 14:12:19: SQLSTATE[42000]: Syntax error or access violation: 1064 You have an error in your SQL syntax; check the manual that corresponds to your MariaDB server version for the right syntax to use near ':rol
    AND (ud.id IN (1,2,7,8) OR ej.id_jugador IS NULL)
     ORDER BY ud...' at line 13

    SELECT
        ud.id,
        ud.nombre,
        ud.apellidos,
        ud.email,
        ud.rol,
        ej.especialidad,
        j.juego
    FROM
        usuarios ud
    LEFT JOIN especialidades_jugador ej ON ud.id = ej.id_jugador
    LEFT JOIN juegos j ON ej.juego_id = j.id
    WHERE ud.rol = :rol
    AND (ud.id IN (1,2,7,8) OR ej.id_jugador IS NULL)
     ORDER BY ud.apellidos ASC, ud.nombre ASC LIMIT 15 OFFSET 0

2025-03-09 14:12:52: SQLSTATE[42000]: Syntax error or access violation: 1064 You have an error in your SQL syntax; check the manual that corresponds to your MariaDB server version for the right syntax to use near ':rol
    AND (ud.id IN (1,2,7,8) OR ej.id_jugador IS NULL)
     ORDER BY ud...' at line 13

    SELECT
        ud.id,
        ud.nombre,
        ud.apellidos,
        ud.email,
        ud.rol,
        ej.especialidad,
        j.juego
    FROM
        usuarios ud
    LEFT JOIN especialidades_jugador ej ON ud.id = ej.id_jugador
    LEFT JOIN juegos j ON ej.juego_id = j.id
    WHERE ud.rol = :rol
    AND (ud.id IN (1,2,7,8) OR ej.id_jugador IS NULL)
     ORDER BY ud.apellidos ASC, ud.nombre ASC LIMIT 15 OFFSET 0

2025-03-09 14:13:07: SQLSTATE[42000]: Syntax error or access violation: 1064 You have an error in your SQL syntax; check the manual that corresponds to your MariaDB server version for the right syntax to use near ':rol
    AND (ud.id IN (1,2,7,8) OR ej.id_jugador IS NULL)
     ORDER BY ud...' at line 13

    SELECT
        ud.id,
        ud.nombre,
        ud.apellidos,
        ud.email,
        ud.rol,
        ej.especialidad,
        j.juego
    FROM
        usuarios ud
    LEFT JOIN especialidades_jugador ej ON ud.id = ej.id_jugador
    LEFT JOIN juegos j ON ej.juego_id = j.id
    WHERE ud.rol = :rol
    AND (ud.id IN (1,2,7,8) OR ej.id_jugador IS NULL)
     ORDER BY ud.apellidos ASC, ud.nombre ASC LIMIT 15 OFFSET 0

2025-03-09 18:05:25: SQLSTATE[42S22]: Column not found: 1054 Unknown column 'juego' in 'field list'
2025-03-10 09:46:42: SQLSTATE[42000]: Syntax error or access violation: 1064 You have an error in your SQL syntax; check the manual that corresponds to your MariaDB server version for the right syntax to use near 'e.especialidad
        FROM usuarios ud
        LEFT JOIN juegos j ON ud.ju...' at line 8

        SELECT
            ud.id,
            ud.nombre,
            ud.apellidos,
            ud.email,
            ud.rol,
            j.nombre AS juego
            e.especialidad
        FROM usuarios ud
        LEFT JOIN juegos j ON ud.juego_id = j.id
        LEFT JOIN especialidad e ON ud.especialidad_id = e.id
        WHERE ud.id IN (4,5,6,9)
         ORDER BY ud.apellidos ASC, ud.nombre ASC LIMIT 15 OFFSET 0

2025-03-10 09:46:59: SQLSTATE[42000]: Syntax error or access violation: 1064 You have an error in your SQL syntax; check the manual that corresponds to your MariaDB server version for the right syntax to use near 'e.especialidad
        FROM usuarios ud
        LEFT JOIN juegos j ON ud.ju...' at line 8

        SELECT
            ud.id,
            ud.nombre,
            ud.apellidos,
            ud.email,
            ud.rol,
            j.nombre AS juego
            e.especialidad
        FROM usuarios ud
        LEFT JOIN juegos j ON ud.juego_id = j.id
        RIGHT JOIN especialidad e ON ud.especialidad_id = e.id
        WHERE ud.id IN (4,5,6,9)
         ORDER BY ud.apellidos ASC, ud.nombre ASC LIMIT 15 OFFSET 0

2025-03-10 09:47:04: SQLSTATE[42000]: Syntax error or access violation: 1064 You have an error in your SQL syntax; check the manual that corresponds to your MariaDB server version for the right syntax to use near 'e.especialidad
        FROM usuarios ud
        LEFT JOIN juegos j ON ud.ju...' at line 8

        SELECT
            ud.id,
            ud.nombre,
            ud.apellidos,
            ud.email,
            ud.rol,
            j.nombre AS juego
            e.especialidad
        FROM usuarios ud
        LEFT JOIN juegos j ON ud.juego_id = j.id
        JOIN especialidad e ON ud.especialidad_id = e.id
        WHERE ud.id IN (4,5,6,9)
         ORDER BY ud.apellidos ASC, ud.nombre ASC LIMIT 15 OFFSET 0

2025-03-17 10:54:06: SQLSTATE[42S22]: Column not found: 1054 Unknown column 'ipUltimoAcceso' in 'field list'
INSERT INTO mensajesemail (idUsuario,asunto,destinatarios,destinatariosCC,destinatariosCCO,cuerpoMensaje,fechaHoraCreacion,ipUltimoAcceso,fechaHoraUltimoEnvio,enviado,error,mensajeError) VALUES (:idUsuario,:asunto,:destinatarios,:destinatariosCC,:destinatariosCCO,:cuerpoMensaje,:fechaHoraCreacion,:ipUltimoAcceso,:fechaHoraUltimoEnvio,:enviado,:error,:mensajeError)

2025-03-17 10:55:52: SQLSTATE[42S22]: Column not found: 1054 Unknown column 'ipUltimoAcceso' in 'field list'
INSERT INTO mensajesemail (idUsuario,asunto,destinatarios,destinatariosCC,destinatariosCCO,cuerpoMensaje,fechaHoraCreacion,ipUltimoAcceso,fechaHoraUltimoEnvio,enviado,error,mensajeError) VALUES (:idUsuario,:asunto,:destinatarios,:destinatariosCC,:destinatariosCCO,:cuerpoMensaje,:fechaHoraCreacion,:ipUltimoAcceso,:fechaHoraUltimoEnvio,:enviado,:error,:mensajeError)

2025-03-17 10:59:19: SQLSTATE[42S22]: Column not found: 1054 Unknown column 'ipUltimoAcceso' in 'field list'
INSERT INTO mensajesemail (idUsuario,asunto,destinatarios,destinatariosCC,destinatariosCCO,cuerpoMensaje,fechaHoraCreacion,ipUltimoAcceso,fechaHoraUltimoEnvio,enviado,error,mensajeError) VALUES (:idUsuario,:asunto,:destinatarios,:destinatariosCC,:destinatariosCCO,:cuerpoMensaje,:fechaHoraCreacion,:ipUltimoAcceso,:fechaHoraUltimoEnvio,:enviado,:error,:mensajeError)

2025-03-17 10:59:20: SQLSTATE[42S22]: Column not found: 1054 Unknown column 'ipUltimoAcceso' in 'field list'
INSERT INTO mensajesemail (idUsuario,asunto,destinatarios,destinatariosCC,destinatariosCCO,cuerpoMensaje,fechaHoraCreacion,ipUltimoAcceso,fechaHoraUltimoEnvio,enviado,error,mensajeError) VALUES (:idUsuario,:asunto,:destinatarios,:destinatariosCC,:destinatariosCCO,:cuerpoMensaje,:fechaHoraCreacion,:ipUltimoAcceso,:fechaHoraUltimoEnvio,:enviado,:error,:mensajeError)

2025-03-17 10:59:20: SQLSTATE[42S22]: Column not found: 1054 Unknown column 'ipUltimoAcceso' in 'field list'
INSERT INTO mensajesemail (idUsuario,asunto,destinatarios,destinatariosCC,destinatariosCCO,cuerpoMensaje,fechaHoraCreacion,ipUltimoAcceso,fechaHoraUltimoEnvio,enviado,error,mensajeError) VALUES (:idUsuario,:asunto,:destinatarios,:destinatariosCC,:destinatariosCCO,:cuerpoMensaje,:fechaHoraCreacion,:ipUltimoAcceso,:fechaHoraUltimoEnvio,:enviado,:error,:mensajeError)

2025-03-17 10:59:52: SQLSTATE[42S22]: Column not found: 1054 Unknown column 'ipUltimoAcceso' in 'field list'
INSERT INTO mensajesemail (idUsuario,asunto,destinatarios,destinatariosCC,destinatariosCCO,cuerpoMensaje,fechaHoraCreacion,ipUltimoAcceso,fechaHoraUltimoEnvio,enviado,error,mensajeError) VALUES (:idUsuario,:asunto,:destinatarios,:destinatariosCC,:destinatariosCCO,:cuerpoMensaje,:fechaHoraCreacion,:ipUltimoAcceso,:fechaHoraUltimoEnvio,:enviado,:error,:mensajeError)

2025-03-24 18:33:33: SQLSTATE[23000]: Integrity constraint violation: 1062 Duplicate entry 'perfil@gmail.com' for key 'email'
INSERT INTO usuarios (nombre,apellidos,email,password,rol,juego_id,imagenPerfil,especialidad_id,ipUltimoAcceso,fechaHoraUltimoAcceso,intentosFallidos,bloqueado) VALUES (:nombre,:apellidos,:email,:password,:rol,:juego_id,:imagenPerfil,:especialidad_id,:ipUltimoAcceso,:fechaHoraUltimoAcceso,:intentosFallidos,:bloqueado)

2025-03-24 18:42:43: SQLSTATE[23000]: Integrity constraint violation: 1048 Column 'imagenPerfil' cannot be null
INSERT INTO usuarios (nombre,apellidos,email,password,rol,juego_id,imagenPerfil,especialidad_id,ipUltimoAcceso,fechaHoraUltimoAcceso,intentosFallidos,bloqueado) VALUES (:nombre,:apellidos,:email,:password,:rol,:juego_id,:imagenPerfil,:especialidad_id,:ipUltimoAcceso,:fechaHoraUltimoAcceso,:intentosFallidos,:bloqueado)

2025-03-24 18:43:17: SQLSTATE[23000]: Integrity constraint violation: 1048 Column 'imagenPerfil' cannot be null
INSERT INTO usuarios (nombre,apellidos,email,password,rol,juego_id,imagenPerfil,especialidad_id,ipUltimoAcceso,fechaHoraUltimoAcceso,intentosFallidos,bloqueado) VALUES (:nombre,:apellidos,:email,:password,:rol,:juego_id,:imagenPerfil,:especialidad_id,:ipUltimoAcceso,:fechaHoraUltimoAcceso,:intentosFallidos,:bloqueado)

2025-03-24 18:43:22: SQLSTATE[23000]: Integrity constraint violation: 1048 Column 'imagenPerfil' cannot be null
INSERT INTO usuarios (nombre,apellidos,email,password,rol,juego_id,imagenPerfil,especialidad_id,ipUltimoAcceso,fechaHoraUltimoAcceso,intentosFallidos,bloqueado) VALUES (:nombre,:apellidos,:email,:password,:rol,:juego_id,:imagenPerfil,:especialidad_id,:ipUltimoAcceso,:fechaHoraUltimoAcceso,:intentosFallidos,:bloqueado)

2025-03-24 18:43:23: SQLSTATE[23000]: Integrity constraint violation: 1048 Column 'imagenPerfil' cannot be null
INSERT INTO usuarios (nombre,apellidos,email,password,rol,juego_id,imagenPerfil,especialidad_id,ipUltimoAcceso,fechaHoraUltimoAcceso,intentosFallidos,bloqueado) VALUES (:nombre,:apellidos,:email,:password,:rol,:juego_id,:imagenPerfil,:especialidad_id,:ipUltimoAcceso,:fechaHoraUltimoAcceso,:intentosFallidos,:bloqueado)

2025-03-24 18:43:24: SQLSTATE[23000]: Integrity constraint violation: 1048 Column 'imagenPerfil' cannot be null
INSERT INTO usuarios (nombre,apellidos,email,password,rol,juego_id,imagenPerfil,especialidad_id,ipUltimoAcceso,fechaHoraUltimoAcceso,intentosFallidos,bloqueado) VALUES (:nombre,:apellidos,:email,:password,:rol,:juego_id,:imagenPerfil,:especialidad_id,:ipUltimoAcceso,:fechaHoraUltimoAcceso,:intentosFallidos,:bloqueado)

2025-03-24 18:43:24: SQLSTATE[23000]: Integrity constraint violation: 1048 Column 'imagenPerfil' cannot be null
INSERT INTO usuarios (nombre,apellidos,email,password,rol,juego_id,imagenPerfil,especialidad_id,ipUltimoAcceso,fechaHoraUltimoAcceso,intentosFallidos,bloqueado) VALUES (:nombre,:apellidos,:email,:password,:rol,:juego_id,:imagenPerfil,:especialidad_id,:ipUltimoAcceso,:fechaHoraUltimoAcceso,:intentosFallidos,:bloqueado)

2025-03-24 18:43:24: SQLSTATE[23000]: Integrity constraint violation: 1048 Column 'imagenPerfil' cannot be null
INSERT INTO usuarios (nombre,apellidos,email,password,rol,juego_id,imagenPerfil,especialidad_id,ipUltimoAcceso,fechaHoraUltimoAcceso,intentosFallidos,bloqueado) VALUES (:nombre,:apellidos,:email,:password,:rol,:juego_id,:imagenPerfil,:especialidad_id,:ipUltimoAcceso,:fechaHoraUltimoAcceso,:intentosFallidos,:bloqueado)

2025-03-24 18:43:25: SQLSTATE[23000]: Integrity constraint violation: 1048 Column 'imagenPerfil' cannot be null
INSERT INTO usuarios (nombre,apellidos,email,password,rol,juego_id,imagenPerfil,especialidad_id,ipUltimoAcceso,fechaHoraUltimoAcceso,intentosFallidos,bloqueado) VALUES (:nombre,:apellidos,:email,:password,:rol,:juego_id,:imagenPerfil,:especialidad_id,:ipUltimoAcceso,:fechaHoraUltimoAcceso,:intentosFallidos,:bloqueado)

2025-03-24 18:43:25: SQLSTATE[23000]: Integrity constraint violation: 1048 Column 'imagenPerfil' cannot be null
INSERT INTO usuarios (nombre,apellidos,email,password,rol,juego_id,imagenPerfil,especialidad_id,ipUltimoAcceso,fechaHoraUltimoAcceso,intentosFallidos,bloqueado) VALUES (:nombre,:apellidos,:email,:password,:rol,:juego_id,:imagenPerfil,:especialidad_id,:ipUltimoAcceso,:fechaHoraUltimoAcceso,:intentosFallidos,:bloqueado)

2025-03-24 18:43:58: SQLSTATE[23000]: Integrity constraint violation: 1048 Column 'imagenPerfil' cannot be null
INSERT INTO usuarios (nombre,apellidos,email,password,rol,juego_id,imagenPerfil,especialidad_id,ipUltimoAcceso,fechaHoraUltimoAcceso,intentosFallidos,bloqueado) VALUES (:nombre,:apellidos,:email,:password,:rol,:juego_id,:imagenPerfil,:especialidad_id,:ipUltimoAcceso,:fechaHoraUltimoAcceso,:intentosFallidos,:bloqueado)

2025-03-24 18:47:29: SQLSTATE[23000]: Integrity constraint violation: 1048 Column 'imagenPerfil' cannot be null
INSERT INTO usuarios (nombre,apellidos,email,password,rol,juego_id,imagenPerfil,especialidad_id,ipUltimoAcceso,fechaHoraUltimoAcceso,intentosFallidos,bloqueado) VALUES (:nombre,:apellidos,:email,:password,:rol,:juego_id,:imagenPerfil,:especialidad_id,:ipUltimoAcceso,:fechaHoraUltimoAcceso,:intentosFallidos,:bloqueado)

2025-03-24 18:47:56: SQLSTATE[23000]: Integrity constraint violation: 1048 Column 'imagenPerfil' cannot be null
INSERT INTO usuarios (nombre,apellidos,email,password,rol,juego_id,imagenPerfil,especialidad_id,ipUltimoAcceso,fechaHoraUltimoAcceso,intentosFallidos,bloqueado) VALUES (:nombre,:apellidos,:email,:password,:rol,:juego_id,:imagenPerfil,:especialidad_id,:ipUltimoAcceso,:fechaHoraUltimoAcceso,:intentosFallidos,:bloqueado)

2025-03-24 18:50:22: SQLSTATE[23000]: Integrity constraint violation: 1048 Column 'imagenPerfil' cannot be null
INSERT INTO usuarios (nombre,apellidos,email,password,rol,juego_id,imagenPerfil,especialidad_id,ipUltimoAcceso,fechaHoraUltimoAcceso,intentosFallidos,bloqueado) VALUES (:nombre,:apellidos,:email,:password,:rol,:juego_id,:imagenPerfil,:especialidad_id,:ipUltimoAcceso,:fechaHoraUltimoAcceso,:intentosFallidos,:bloqueado)

2025-03-24 18:50:40: SQLSTATE[23000]: Integrity constraint violation: 1048 Column 'imagenPerfil' cannot be null
INSERT INTO usuarios (nombre,apellidos,email,password,rol,juego_id,imagenPerfil,especialidad_id,ipUltimoAcceso,fechaHoraUltimoAcceso,intentosFallidos,bloqueado) VALUES (:nombre,:apellidos,:email,:password,:rol,:juego_id,:imagenPerfil,:especialidad_id,:ipUltimoAcceso,:fechaHoraUltimoAcceso,:intentosFallidos,:bloqueado)

2025-03-24 18:51:01: SQLSTATE[23000]: Integrity constraint violation: 1048 Column 'imagenPerfil' cannot be null
INSERT INTO usuarios (nombre,apellidos,email,password,rol,juego_id,imagenPerfil,especialidad_id,ipUltimoAcceso,fechaHoraUltimoAcceso,intentosFallidos,bloqueado) VALUES (:nombre,:apellidos,:email,:password,:rol,:juego_id,:imagenPerfil,:especialidad_id,:ipUltimoAcceso,:fechaHoraUltimoAcceso,:intentosFallidos,:bloqueado)

2025-03-24 18:51:41: SQLSTATE[23000]: Integrity constraint violation: 1048 Column 'imagenPerfil' cannot be null
INSERT INTO usuarios (nombre,apellidos,email,password,rol,juego_id,imagenPerfil,especialidad_id,ipUltimoAcceso,fechaHoraUltimoAcceso,intentosFallidos,bloqueado) VALUES (:nombre,:apellidos,:email,:password,:rol,:juego_id,:imagenPerfil,:especialidad_id,:ipUltimoAcceso,:fechaHoraUltimoAcceso,:intentosFallidos,:bloqueado)

2025-03-24 18:51:42: SQLSTATE[23000]: Integrity constraint violation: 1048 Column 'imagenPerfil' cannot be null
INSERT INTO usuarios (nombre,apellidos,email,password,rol,juego_id,imagenPerfil,especialidad_id,ipUltimoAcceso,fechaHoraUltimoAcceso,intentosFallidos,bloqueado) VALUES (:nombre,:apellidos,:email,:password,:rol,:juego_id,:imagenPerfil,:especialidad_id,:ipUltimoAcceso,:fechaHoraUltimoAcceso,:intentosFallidos,:bloqueado)

2025-03-24 18:51:42: SQLSTATE[23000]: Integrity constraint violation: 1048 Column 'imagenPerfil' cannot be null
INSERT INTO usuarios (nombre,apellidos,email,password,rol,juego_id,imagenPerfil,especialidad_id,ipUltimoAcceso,fechaHoraUltimoAcceso,intentosFallidos,bloqueado) VALUES (:nombre,:apellidos,:email,:password,:rol,:juego_id,:imagenPerfil,:especialidad_id,:ipUltimoAcceso,:fechaHoraUltimoAcceso,:intentosFallidos,:bloqueado)

2025-03-24 18:51:44: SQLSTATE[23000]: Integrity constraint violation: 1048 Column 'imagenPerfil' cannot be null
INSERT INTO usuarios (nombre,apellidos,email,password,rol,juego_id,imagenPerfil,especialidad_id,ipUltimoAcceso,fechaHoraUltimoAcceso,intentosFallidos,bloqueado) VALUES (:nombre,:apellidos,:email,:password,:rol,:juego_id,:imagenPerfil,:especialidad_id,:ipUltimoAcceso,:fechaHoraUltimoAcceso,:intentosFallidos,:bloqueado)

2025-03-26 16:58:00: SQLSTATE[08S01]: Communication link failure: 1153 Got a packet bigger than 'max_allowed_packet' bytes
UPDATE usuarios SET id=:id,nombre=:nombre,apellidos=:apellidos,email=:email,password=:password,rol=:rol,juego_id=:juego_id,imagenPerfil=:imagenPerfil,especialidad_id=:especialidad_id,ipUltimoAcceso=:ipUltimoAcceso,fechaHoraUltimoAcceso=:fechaHoraUltimoAcceso,intentosFallidos=:intentosFallidos,bloqueado=:bloqueado WHERE id=28

2025-03-26 17:01:37: SQLSTATE[08S01]: Communication link failure: 1153 Got a packet bigger than 'max_allowed_packet' bytes
UPDATE usuarios SET id=:id,nombre=:nombre,apellidos=:apellidos,email=:email,password=:password,rol=:rol,juego_id=:juego_id,imagenPerfil=:imagenPerfil,especialidad_id=:especialidad_id,ipUltimoAcceso=:ipUltimoAcceso,fechaHoraUltimoAcceso=:fechaHoraUltimoAcceso,intentosFallidos=:intentosFallidos,bloqueado=:bloqueado WHERE id=28

2025-03-26 17:02:11: SQLSTATE[08S01]: Communication link failure: 1153 Got a packet bigger than 'max_allowed_packet' bytes
UPDATE usuarios SET id=:id,nombre=:nombre,apellidos=:apellidos,email=:email,password=:password,rol=:rol,juego_id=:juego_id,imagenPerfil=:imagenPerfil,especialidad_id=:especialidad_id,ipUltimoAcceso=:ipUltimoAcceso,fechaHoraUltimoAcceso=:fechaHoraUltimoAcceso,intentosFallidos=:intentosFallidos,bloqueado=:bloqueado WHERE id=6

2025-03-26 17:03:32: SQLSTATE[08S01]: Communication link failure: 1153 Got a packet bigger than 'max_allowed_packet' bytes
UPDATE usuarios SET id=:id,nombre=:nombre,apellidos=:apellidos,email=:email,password=:password,rol=:rol,juego_id=:juego_id,imagenPerfil=:imagenPerfil,especialidad_id=:especialidad_id,ipUltimoAcceso=:ipUltimoAcceso,fechaHoraUltimoAcceso=:fechaHoraUltimoAcceso,intentosFallidos=:intentosFallidos,bloqueado=:bloqueado WHERE id=6

2025-03-26 17:03:56: SQLSTATE[08S01]: Communication link failure: 1153 Got a packet bigger than 'max_allowed_packet' bytes
UPDATE usuarios SET id=:id,nombre=:nombre,apellidos=:apellidos,email=:email,password=:password,rol=:rol,juego_id=:juego_id,imagenPerfil=:imagenPerfil,especialidad_id=:especialidad_id,ipUltimoAcceso=:ipUltimoAcceso,fechaHoraUltimoAcceso=:fechaHoraUltimoAcceso,intentosFallidos=:intentosFallidos,bloqueado=:bloqueado WHERE id=9

2025-03-26 17:04:19: SQLSTATE[08S01]: Communication link failure: 1153 Got a packet bigger than 'max_allowed_packet' bytes
UPDATE usuarios SET id=:id,nombre=:nombre,apellidos=:apellidos,email=:email,password=:password,rol=:rol,juego_id=:juego_id,imagenPerfil=:imagenPerfil,especialidad_id=:especialidad_id,ipUltimoAcceso=:ipUltimoAcceso,fechaHoraUltimoAcceso=:fechaHoraUltimoAcceso,intentosFallidos=:intentosFallidos,bloqueado=:bloqueado WHERE id=9

2025-03-26 17:07:24: SQLSTATE[08S01]: Communication link failure: 1153 Got a packet bigger than 'max_allowed_packet' bytes
UPDATE usuarios SET id=:id,nombre=:nombre,apellidos=:apellidos,email=:email,password=:password,rol=:rol,juego_id=:juego_id,imagenPerfil=:imagenPerfil,especialidad_id=:especialidad_id,ipUltimoAcceso=:ipUltimoAcceso,fechaHoraUltimoAcceso=:fechaHoraUltimoAcceso,intentosFallidos=:intentosFallidos,bloqueado=:bloqueado WHERE id=28

2025-03-26 17:07:52: SQLSTATE[08S01]: Communication link failure: 1153 Got a packet bigger than 'max_allowed_packet' bytes
UPDATE usuarios SET id=:id,nombre=:nombre,apellidos=:apellidos,email=:email,password=:password,rol=:rol,juego_id=:juego_id,imagenPerfil=:imagenPerfil,especialidad_id=:especialidad_id,ipUltimoAcceso=:ipUltimoAcceso,fechaHoraUltimoAcceso=:fechaHoraUltimoAcceso,intentosFallidos=:intentosFallidos,bloqueado=:bloqueado WHERE id=9

2025-03-27 09:33:55: SQLSTATE[42000]: Syntax error or access violation: 1064 You have an error in your SQL syntax; check the manual that corresponds to your MariaDB server version for the right syntax to use near 'FROM usuarios WHERE rol = 'JUGADOR'' at line 1
SELECT  FROM usuarios WHERE rol = :rol 

2025-03-27 09:38:48: SQLSTATE[42000]: Syntax error or access violation: 1064 You have an error in your SQL syntax; check the manual that corresponds to your MariaDB server version for the right syntax to use near 'FROM usuarios WHERE rol = 'JUGADOR'' at line 1
SELECT  FROM usuarios WHERE rol = :rol 

2025-03-27 09:39:15: SQLSTATE[42000]: Syntax error or access violation: 1064 You have an error in your SQL syntax; check the manual that corresponds to your MariaDB server version for the right syntax to use near 'FROM usuarios WHERE rol = 'JUGADOR'' at line 1
SELECT  FROM usuarios WHERE rol = :rol 

2025-03-27 09:39:50: SQLSTATE[42000]: Syntax error or access violation: 1064 You have an error in your SQL syntax; check the manual that corresponds to your MariaDB server version for the right syntax to use near 'FROM usuarios WHERE rol = 'JUGADOR'' at line 1
SELECT  FROM usuarios WHERE rol = :rol 

2025-03-27 09:41:35: SQLSTATE[42000]: Syntax error or access violation: 1064 You have an error in your SQL syntax; check the manual that corresponds to your MariaDB server version for the right syntax to use near 'FROM usuarios WHERE rol = 'JUGADOR'' at line 1
SELECT  FROM usuarios WHERE rol = :rol 

2025-03-27 09:45:23: SQLSTATE[42000]: Syntax error or access violation: 1064 You have an error in your SQL syntax; check the manual that corresponds to your MariaDB server version for the right syntax to use near 'FROM usuarios WHERE rol = 'JUGADOR'' at line 1
SELECT  FROM usuarios WHERE rol = :rol 

